<?xml version="1.0" encoding="UTF-8"?>
<!-- Generated by org.testng.reporters.JUnitReportReporter -->
<testsuite skipped="0" hostname="LAPTOP-A003P5EU" name="resources.InitiateDriver" tests="1" failures="0" timestamp="2021-01-13T14:14:02 IST" time="7.691" errors="0">
  <testcase name="getDriver" time="7.691" classname="resources.InitiateDriver"/>
</testsuite> <!-- resources.InitiateDriver -->
